#! /home/alex/oss-cad-suite/bin/vvp
:ivl_version "13.0 (devel)" "(s20221226-576-g06077ed02)";
:ivl_delay_selection "TYPICAL";
:vpi_time_precision + 0;
:vpi_module "/home/alex/oss-cad-suite/lib/ivl/system.vpi";
:vpi_module "/home/alex/oss-cad-suite/lib/ivl/vhdl_sys.vpi";
:vpi_module "/home/alex/oss-cad-suite/lib/ivl/vhdl_textio.vpi";
:vpi_module "/home/alex/oss-cad-suite/lib/ivl/v2005_math.vpi";
:vpi_module "/home/alex/oss-cad-suite/lib/ivl/va_math.vpi";
S_0x55557addede0 .scope module, "fifo_lutram" "fifo_lutram" 2 3;
 .timescale 0 0;
    .port_info 0 /INPUT 1 "clk";
    .port_info 1 /INPUT 1 "rst";
    .port_info 2 /INPUT 1 "w_en";
    .port_info 3 /INPUT 1 "r_en";
    .port_info 4 /INPUT 8 "data_in";
    .port_info 5 /OUTPUT 8 "data_out";
    .port_info 6 /OUTPUT 1 "full";
    .port_info 7 /OUTPUT 1 "empty";
P_0x55557ade0820 .param/l "data_width" 0 2 3, +C4<00000000000000000000000000001000>;
P_0x55557ade0860 .param/l "depth" 0 2 3, +C4<00000000000000000000000000001000>;
P_0x55557ade08a0 .param/str "read" 0 2 3, "reg";
L_0x787082d86018 .functor BUFT 1, C4<001>, C4<0>, C4<0>, C4<0>;
v0x55557ade06b0_0 .net/2u *"_ivl_0", 2 0, L_0x787082d86018;  1 drivers
v0x55557ade0c70_0 .net *"_ivl_2", 2 0, L_0x55557ae31b90;  1 drivers
o0x787082dcf078 .functor BUFZ 1, c4<z>; HiZ drive
v0x55557ae310c0_0 .net "clk", 0 0, o0x787082dcf078;  0 drivers
o0x787082dcf0a8 .functor BUFZ 8, c4<zzzzzzzz>; HiZ drive
v0x55557ae31160_0 .net "data_in", 7 0, o0x787082dcf0a8;  0 drivers
v0x55557ae31240_0 .var "data_out", 7 0;
v0x55557ae31370_0 .net "empty", 0 0, L_0x55557ae31d50;  1 drivers
v0x55557ae31430 .array "fifo", 7 0, 7 0;
v0x55557ae314f0_0 .net "full", 0 0, L_0x55557ae31c60;  1 drivers
v0x55557ae315b0_0 .var/i "i", 31 0;
o0x787082dcf198 .functor BUFZ 1, c4<z>; HiZ drive
v0x55557ae31690_0 .net "r_en", 0 0, o0x787082dcf198;  0 drivers
v0x55557ae31750_0 .var "r_ptr", 2 0;
o0x787082dcf1f8 .functor BUFZ 1, c4<z>; HiZ drive
v0x55557ae31830_0 .net "rst", 0 0, o0x787082dcf1f8;  0 drivers
o0x787082dcf228 .functor BUFZ 1, c4<z>; HiZ drive
v0x55557ae318f0_0 .net "w_en", 0 0, o0x787082dcf228;  0 drivers
v0x55557ae319b0_0 .var "w_ptr", 2 0;
L_0x55557ae31b90 .arith/sum 3, v0x55557ae319b0_0, L_0x787082d86018;
L_0x55557ae31c60 .cmp/eq 3, L_0x55557ae31b90, v0x55557ae31750_0;
L_0x55557ae31d50 .cmp/eq 3, v0x55557ae319b0_0, v0x55557ae31750_0;
S_0x55557ae09280 .scope generate, "genblk1" "genblk1" 2 42, 2 42 0, S_0x55557addede0;
 .timescale 0 0;
E_0x55557ae19750 .event posedge, v0x55557ae310c0_0;
    .scope S_0x55557ae09280;
T_0 ;
    %wait E_0x55557ae19750;
    %load/vec4 v0x55557ae31830_0;
    %flag_set/vec4 8;
    %jmp/0xz  T_0.0, 8;
    %pushi/vec4 0, 0, 8;
    %assign/vec4 v0x55557ae31240_0, 0;
    %jmp T_0.1;
T_0.0 ;
    %load/vec4 v0x55557ae31690_0;
    %load/vec4 v0x55557ae31370_0;
    %nor/r;
    %and;
    %flag_set/vec4 8;
    %jmp/0xz  T_0.2, 8;
    %load/vec4 v0x55557ae31750_0;
    %pad/u 5;
    %ix/vec4 4;
    %load/vec4a v0x55557ae31430, 4;
    %assign/vec4 v0x55557ae31240_0, 0;
T_0.2 ;
T_0.1 ;
    %jmp T_0;
    .thread T_0;
    .scope S_0x55557addede0;
T_1 ;
    %pushi/vec4 0, 0, 32;
    %store/vec4 v0x55557ae315b0_0, 0, 32;
T_1.0 ; Top of for-loop
    %load/vec4 v0x55557ae315b0_0;
    %cmpi/s 8, 0, 32;
	  %jmp/0xz T_1.1, 5;
    %pushi/vec4 0, 0, 8;
    %ix/getv/s 4, v0x55557ae315b0_0;
    %store/vec4a v0x55557ae31430, 4, 0;
T_1.2 ; for-loop step statement
    %load/vec4 v0x55557ae315b0_0;
    %addi 1, 0, 32;
    %store/vec4 v0x55557ae315b0_0, 0, 32;
    %jmp T_1.0;
T_1.1 ; for-loop exit label
    %end;
    .thread T_1;
    .scope S_0x55557addede0;
T_2 ;
    %wait E_0x55557ae19750;
    %load/vec4 v0x55557ae31830_0;
    %flag_set/vec4 8;
    %jmp/0xz  T_2.0, 8;
    %pushi/vec4 0, 0, 3;
    %assign/vec4 v0x55557ae319b0_0, 0;
    %jmp T_2.1;
T_2.0 ;
    %load/vec4 v0x55557ae318f0_0;
    %load/vec4 v0x55557ae314f0_0;
    %nor/r;
    %and;
    %flag_set/vec4 8;
    %jmp/0xz  T_2.2, 8;
    %load/vec4 v0x55557ae31160_0;
    %load/vec4 v0x55557ae319b0_0;
    %pad/u 5;
    %ix/vec4 3;
    %ix/load 4, 0, 0; Constant delay
    %assign/vec4/a/d v0x55557ae31430, 0, 4;
    %load/vec4 v0x55557ae319b0_0;
    %addi 1, 0, 3;
    %assign/vec4 v0x55557ae319b0_0, 0;
T_2.2 ;
T_2.1 ;
    %jmp T_2;
    .thread T_2;
    .scope S_0x55557addede0;
T_3 ;
    %wait E_0x55557ae19750;
    %load/vec4 v0x55557ae31830_0;
    %flag_set/vec4 8;
    %jmp/0xz  T_3.0, 8;
    %pushi/vec4 0, 0, 3;
    %assign/vec4 v0x55557ae31750_0, 0;
    %jmp T_3.1;
T_3.0 ;
    %load/vec4 v0x55557ae31690_0;
    %load/vec4 v0x55557ae31370_0;
    %nor/r;
    %and;
    %flag_set/vec4 8;
    %jmp/0xz  T_3.2, 8;
    %load/vec4 v0x55557ae31750_0;
    %addi 1, 0, 3;
    %assign/vec4 v0x55557ae31750_0, 0;
T_3.2 ;
T_3.1 ;
    %jmp T_3;
    .thread T_3;
# The file index is used to find the file name in the following table.
:file_names 3;
    "N/A";
    "<interactive>";
    "/home/alex/WORK/My_eBooks/BMSTU/2024-2025/ОснПрУстрЭВМ/Методические указания 2025/Лабораторная работа №2. Микропрограммные устройства управления/Методические указания/github/data/rtl/ucmd_hello_world/fifo.v";
